# JRE version: OpenJDK Runtime Environment (11.0.15) (build 11.0.15+0-b2043.56-9505619)
# Java VM: OpenJDK 64-Bit Server VM (11.0.15+0-b2043.56-9505619, mixed mode, tiered, compressed oops, g1 gc, windows-amd64)
Heap:
 garbage-first heap   total 292864K, used 209334K [0x0000000080000000, 0x0000000100000000)
  region size 1024K, 12 young (12288K), 5 survivors (5120K)
 Metaspace       used 104123K, capacity 109725K, committed 109872K, reserved 610304K
  class space    used 13722K, capacity 15668K, committed 15744K, reserved 516096K
GC Heap History (20 events):
Event: 213.390 GC heap before
{Heap before GC invocations=90 (full 0):
 garbage-first heap   total 202752K, used 162118K [0x0000000080000000, 0x0000000100000000)
  region size 1024K, 18 young (18432K), 3 survivors (3072K)
 Metaspace       used 98765K, capacity 103122K, committed 103472K, reserved 606208K
  class space    used 13006K, capacity 14622K, committed 14720K, reserved 516096K
}
Event: 213.400 GC heap after
{Heap after GC invocations=91 (full 0):
 garbage-first heap   total 202752K, used 150444K [0x0000000080000000, 0x0000000100000000)
  region size 1024K, 3 young (3072K), 3 survivors (3072K)
 Metaspace       used 98765K, capacity 103122K, committed 103472K, reserved 606208K
  class space    used 13006K, capacity 14622K, committed 14720K, reserved 516096K
}
Event: 213.711 GC heap before
{Heap before GC invocations=91 (full 0):
 garbage-first heap   total 202752K, used 165804K [0x0000000080000000, 0x0000000100000000)
  region size 1024K, 18 young (18432K), 3 survivors (3072K)
 Metaspace       used 99054K, capacity 103633K, committed 103728K, reserved 606208K
  class space    used 13058K, capacity 14639K, committed 14720K, reserved 516096K
}
Event: 213.719 GC heap after
{Heap after GC invocations=92 (full 0):
 garbage-first heap   total 202752K, used 153045K [0x0000000080000000, 0x0000000100000000)
  region size 1024K, 3 young (3072K), 3 survivors (3072K)
 Metaspace       used 99054K, capacity 103633K, committed 103728K, reserved 606208K
  class space    used 13058K, capacity 14639K, committed 14720K, reserved 516096K
}
Event: 214.185 GC heap before
{Heap before GC invocations=92 (full 0):
 garbage-first heap   total 202752K, used 166357K [0x0000000080000000, 0x0000000100000000)
  region size 1024K, 17 young (17408K), 3 survivors (3072K)
 Metaspace       used 99294K, capacity 103931K, committed 103984K, reserved 606208K
  class space    used 13091K, capacity 14713K, committed 14720K, reserved 516096K
}
Event: 214.196 GC heap after
{Heap after GC invocations=93 (full 0):
 garbage-first heap   total 243712K, used 156963K [0x0000000080000000, 0x0000000100000000)
  region size 1024K, 3 young (3072K), 3 survivors (3072K)
 Metaspace       used 99294K, capacity 103931K, committed 103984K, reserved 606208K
  class space    used 13091K, capacity 14713K, committed 14720K, reserved 516096K
}
Event: 214.857 GC heap before
{Heap before GC invocations=94 (full 0):
 garbage-first heap   total 243712K, used 173347K [0x0000000080000000, 0x0000000100000000)
  region size 1024K, 21 young (21504K), 3 survivors (3072K)
 Metaspace       used 99585K, capacity 104357K, committed 104624K, reserved 606208K
  class space    used 13118K, capacity 14755K, committed 14848K, reserved 516096K
}
Event: 214.870 GC heap after
{Heap after GC invocations=95 (full 0):
 garbage-first heap   total 243712K, used 161001K [0x0000000080000000, 0x0000000100000000)
  region size 1024K, 4 young (4096K), 4 survivors (4096K)
 Metaspace       used 99585K, capacity 104357K, committed 104624K, reserved 606208K
  class space    used 13118K, capacity 14755K, committed 14848K, reserved 516096K
}
Event: 215.735 GC heap before
{Heap before GC invocations=96 (full 0):
 garbage-first heap   total 243712K, used 188649K [0x0000000080000000, 0x0000000100000000)
  region size 1024K, 28 young (28672K), 4 survivors (4096K)
 Metaspace       used 99902K, capacity 104842K, committed 105008K, reserved 606208K
  class space    used 13160K, capacity 14860K, committed 14976K, reserved 516096K
}
Event: 215.745 GC heap after
{Heap after GC invocations=97 (full 0):
 garbage-first heap   total 243712K, used 171936K [0x0000000080000000, 0x0000000100000000)
  region size 1024K, 4 young (4096K), 4 survivors (4096K)
 Metaspace       used 99902K, capacity 104842K, committed 105008K, reserved 606208K
  class space    used 13160K, capacity 14860K, committed 14976K, reserved 516096K
}
Event: 215.878 GC heap before
{Heap before GC invocations=97 (full 0):
 garbage-first heap   total 243712K, used 179104K [0x0000000080000000, 0x0000000100000000)
  region size 1024K, 11 young (11264K), 4 survivors (4096K)
 Metaspace       used 99982K, capacity 104936K, committed 105264K, reserved 608256K
  class space    used 13168K, capacity 14870K, committed 14976K, reserved 516096K
}
Event: 215.889 GC heap after
{Heap after GC invocations=98 (full 0):
 garbage-first heap   total 243712K, used 173331K [0x0000000080000000, 0x0000000100000000)
  region size 1024K, 2 young (2048K), 2 survivors (2048K)
 Metaspace       used 99982K, capacity 104936K, committed 105264K, reserved 608256K
  class space    used 13168K, capacity 14870K, committed 14976K, reserved 516096K
}
Event: 216.339 GC heap before
{Heap before GC invocations=98 (full 0):
 garbage-first heap   total 243712K, used 194835K [0x0000000080000000, 0x0000000100000000)
  region size 1024K, 23 young (23552K), 2 survivors (2048K)
 Metaspace       used 100138K, capacity 105285K, committed 105520K, reserved 608256K
  class space    used 13188K, capacity 14922K, committed 14976K, reserved 516096K
}
Event: 216.349 GC heap after
{Heap after GC invocations=99 (full 0):
 garbage-first heap   total 292864K, used 178495K [0x0000000080000000, 0x0000000100000000)
  region size 1024K, 3 young (3072K), 3 survivors (3072K)
 Metaspace       used 100138K, capacity 105285K, committed 105520K, reserved 608256K
  class space    used 13188K, capacity 14922K, committed 14976K, reserved 516096K
}
Event: 217.202 GC heap before
{Heap before GC invocations=99 (full 0):
 garbage-first heap   total 292864K, used 213311K [0x0000000080000000, 0x0000000100000000)
  region size 1024K, 37 young (37888K), 3 survivors (3072K)
 Metaspace       used 101796K, capacity 107081K, committed 107184K, reserved 608256K
  class space    used 13430K, capacity 15265K, committed 15360K, reserved 516096K
}
Event: 217.209 GC heap after
{Heap after GC invocations=100 (full 0):
 garbage-first heap   total 292864K, used 182083K [0x0000000080000000, 0x0000000100000000)
  region size 1024K, 4 young (4096K), 4 survivors (4096K)
 Metaspace       used 101796K, capacity 107081K, committed 107184K, reserved 608256K
  class space    used 13430K, capacity 15265K, committed 15360K, reserved 516096K
}
Event: 218.796 GC heap before
{Heap before GC invocations=100 (full 0):
 garbage-first heap   total 292864K, used 217923K [0x0000000080000000, 0x0000000100000000)
  region size 1024K, 39 young (39936K), 4 survivors (4096K)
 Metaspace       used 103742K, capacity 109112K, committed 109232K, reserved 610304K
  class space    used 13674K, capacity 15533K, committed 15616K, reserved 516096K
}
Event: 218.805 GC heap after
{Heap after GC invocations=101 (full 0):
 garbage-first heap   total 292864K, used 184825K [0x0000000080000000, 0x0000000100000000)
  region size 1024K, 3 young (3072K), 3 survivors (3072K)
 Metaspace       used 103742K, capacity 109112K, committed 109232K, reserved 610304K
  class space    used 13674K, capacity 15533K, committed 15616K, reserved 516096K
}
Event: 220.484 GC heap before
{Heap before GC invocations=101 (full 0):
 garbage-first heap   total 292864K, used 225785K [0x0000000080000000, 0x0000000100000000)
  region size 1024K, 39 young (39936K), 3 survivors (3072K)
 Metaspace       used 104052K, capacity 109679K, committed 109872K, reserved 610304K
  class space    used 13710K, capacity 15631K, committed 15744K, reserved 516096K
}
Event: 220.499 GC heap after
{Heap after GC invocations=102 (full 0):
 garbage-first heap   total 292864K, used 200118K [0x0000000080000000, 0x0000000100000000)
  region size 1024K, 5 young (5120K), 5 survivors (5120K)
 Metaspace       used 104052K, capacity 109679K, committed 109872K, reserved 610304K
  class space    used 13710K, capacity 15631K, committed 15744K, reserved 516096K
}

