# JRE version: OpenJDK Runtime Environment (11.0.15) (build 11.0.15+0-b2043.56-9505619)
# Java VM: OpenJDK 64-Bit Server VM (11.0.15+0-b2043.56-9505619, mixed mode, tiered, compressed oops, g1 gc, windows-amd64)
Heap:
 garbage-first heap   total 126976K, used 61290K [0x0000000080000000, 0x0000000100000000)
  region size 1024K, 12 young (12288K), 3 survivors (3072K)
 Metaspace       used 67470K, capacity 69538K, committed 69808K, reserved 577536K
  class space    used 8784K, capacity 9614K, committed 9728K, reserved 516096K
GC Heap History (20 events):
Event: 10.731 GC heap before
{Heap before GC invocations=7 (full 0):
 garbage-first heap   total 126976K, used 42698K [0x0000000080000000, 0x0000000100000000)
  region size 1024K, 28 young (28672K), 5 survivors (5120K)
 Metaspace       used 34844K, capacity 35738K, committed 35888K, reserved 548864K
  class space    used 4546K, capacity 4885K, committed 4992K, reserved 516096K
}
Event: 10.740 GC heap after
{Heap after GC invocations=8 (full 0):
 garbage-first heap   total 126976K, used 22342K [0x0000000080000000, 0x0000000100000000)
  region size 1024K, 6 young (6144K), 6 survivors (6144K)
 Metaspace       used 34844K, capacity 35738K, committed 35888K, reserved 548864K
  class space    used 4546K, capacity 4885K, committed 4992K, reserved 516096K
}
Event: 13.156 GC heap before
{Heap before GC invocations=9 (full 0):
 garbage-first heap   total 126976K, used 77638K [0x0000000080000000, 0x0000000100000000)
  region size 1024K, 58 young (59392K), 6 survivors (6144K)
 Metaspace       used 40834K, capacity 41822K, committed 42160K, reserved 552960K
  class space    used 5154K, capacity 5523K, committed 5632K, reserved 516096K
}
Event: 13.171 GC heap after
{Heap after GC invocations=10 (full 0):
 garbage-first heap   total 126976K, used 27193K [0x0000000080000000, 0x0000000100000000)
  region size 1024K, 8 young (8192K), 8 survivors (8192K)
 Metaspace       used 40834K, capacity 41822K, committed 42160K, reserved 552960K
  class space    used 5154K, capacity 5523K, committed 5632K, reserved 516096K
}
Event: 35.582 GC heap before
{Heap before GC invocations=10 (full 0):
 garbage-first heap   total 126976K, used 80441K [0x0000000080000000, 0x0000000100000000)
  region size 1024K, 60 young (61440K), 8 survivors (8192K)
 Metaspace       used 42864K, capacity 44061K, committed 44336K, reserved 555008K
  class space    used 5443K, capacity 5908K, committed 6016K, reserved 516096K
}
Event: 35.600 GC heap after
{Heap after GC invocations=11 (full 0):
 garbage-first heap   total 126976K, used 30976K [0x0000000080000000, 0x0000000100000000)
  region size 1024K, 4 young (4096K), 4 survivors (4096K)
 Metaspace       used 42864K, capacity 44061K, committed 44336K, reserved 555008K
  class space    used 5443K, capacity 5908K, committed 6016K, reserved 516096K
}
Event: 37.123 GC heap before
{Heap before GC invocations=11 (full 0):
 garbage-first heap   total 126976K, used 84224K [0x0000000080000000, 0x0000000100000000)
  region size 1024K, 56 young (57344K), 4 survivors (4096K)
 Metaspace       used 47660K, capacity 48987K, committed 49072K, reserved 559104K
  class space    used 6104K, capacity 6643K, committed 6656K, reserved 516096K
}
Event: 37.131 GC heap after
{Heap after GC invocations=12 (full 0):
 garbage-first heap   total 126976K, used 33870K [0x0000000080000000, 0x0000000100000000)
  region size 1024K, 7 young (7168K), 7 survivors (7168K)
 Metaspace       used 47660K, capacity 48987K, committed 49072K, reserved 559104K
  class space    used 6104K, capacity 6643K, committed 6656K, reserved 516096K
}
Event: 38.230 GC heap before
{Heap before GC invocations=12 (full 0):
 garbage-first heap   total 126976K, used 88142K [0x0000000080000000, 0x0000000100000000)
  region size 1024K, 60 young (61440K), 7 survivors (7168K)
 Metaspace       used 51270K, capacity 52723K, committed 53040K, reserved 563200K
  class space    used 6596K, capacity 7182K, committed 7296K, reserved 516096K
}
Event: 38.240 GC heap after
{Heap after GC invocations=13 (full 0):
 garbage-first heap   total 126976K, used 36883K [0x0000000080000000, 0x0000000100000000)
  region size 1024K, 7 young (7168K), 7 survivors (7168K)
 Metaspace       used 51270K, capacity 52723K, committed 53040K, reserved 563200K
  class space    used 6596K, capacity 7182K, committed 7296K, reserved 516096K
}
Event: 39.567 GC heap before
{Heap before GC invocations=13 (full 0):
 garbage-first heap   total 126976K, used 94227K [0x0000000080000000, 0x0000000100000000)
  region size 1024K, 60 young (61440K), 7 survivors (7168K)
 Metaspace       used 57048K, capacity 58773K, committed 59056K, reserved 567296K
  class space    used 7400K, capacity 8112K, committed 8192K, reserved 516096K
}
Event: 39.582 GC heap after
{Heap after GC invocations=14 (full 0):
 garbage-first heap   total 126976K, used 46357K [0x0000000080000000, 0x0000000100000000)
  region size 1024K, 8 young (8192K), 8 survivors (8192K)
 Metaspace       used 57048K, capacity 58773K, committed 59056K, reserved 567296K
  class space    used 7400K, capacity 8112K, committed 8192K, reserved 516096K
}
Event: 39.828 GC heap before
{Heap before GC invocations=14 (full 0):
 garbage-first heap   total 126976K, used 59669K [0x0000000080000000, 0x0000000100000000)
  region size 1024K, 22 young (22528K), 8 survivors (8192K)
 Metaspace       used 58493K, capacity 60168K, committed 60208K, reserved 569344K
  class space    used 7588K, capacity 8301K, committed 8320K, reserved 516096K
}
Event: 39.837 GC heap after
{Heap after GC invocations=15 (full 0):
 garbage-first heap   total 126976K, used 47052K [0x0000000080000000, 0x0000000100000000)
  region size 1024K, 2 young (2048K), 2 survivors (2048K)
 Metaspace       used 58493K, capacity 60168K, committed 60208K, reserved 569344K
  class space    used 7588K, capacity 8301K, committed 8320K, reserved 516096K
}
Event: 40.370 GC heap before
{Heap before GC invocations=16 (full 0):
 garbage-first heap   total 126976K, used 93132K [0x0000000080000000, 0x0000000100000000)
  region size 1024K, 47 young (48128K), 2 survivors (2048K)
 Metaspace       used 61599K, capacity 63401K, committed 63536K, reserved 571392K
  class space    used 8026K, capacity 8760K, committed 8832K, reserved 516096K
}
Event: 40.376 GC heap after
{Heap after GC invocations=17 (full 0):
 garbage-first heap   total 126976K, used 47306K [0x0000000080000000, 0x0000000100000000)
  region size 1024K, 2 young (2048K), 2 survivors (2048K)
 Metaspace       used 61599K, capacity 63401K, committed 63536K, reserved 571392K
  class space    used 8026K, capacity 8760K, committed 8832K, reserved 516096K
}
Event: 41.322 GC heap before
{Heap before GC invocations=18 (full 0):
 garbage-first heap   total 126976K, used 95434K [0x0000000080000000, 0x0000000100000000)
  region size 1024K, 49 young (50176K), 2 survivors (2048K)
 Metaspace       used 64781K, capacity 66723K, committed 66736K, reserved 575488K
  class space    used 8432K, capacity 9206K, committed 9216K, reserved 516096K
}
Event: 41.331 GC heap after
{Heap after GC invocations=19 (full 0):
 garbage-first heap   total 126976K, used 51212K [0x0000000080000000, 0x0000000100000000)
  region size 1024K, 6 young (6144K), 6 survivors (6144K)
 Metaspace       used 64781K, capacity 66723K, committed 66736K, reserved 575488K
  class space    used 8432K, capacity 9206K, committed 9216K, reserved 516096K
}
Event: 42.881 GC heap before
{Heap before GC invocations=19 (full 0):
 garbage-first heap   total 126976K, used 97292K [0x0000000080000000, 0x0000000100000000)
  region size 1024K, 51 young (52224K), 6 survivors (6144K)
 Metaspace       used 67184K, capacity 69246K, committed 69424K, reserved 577536K
  class space    used 8749K, capacity 9562K, committed 9600K, reserved 516096K
}
Event: 42.891 GC heap after
{Heap after GC invocations=20 (full 0):
 garbage-first heap   total 126976K, used 54122K [0x0000000080000000, 0x0000000100000000)
  region size 1024K, 3 young (3072K), 3 survivors (3072K)
 Metaspace       used 67184K, capacity 69246K, committed 69424K, reserved 577536K
  class space    used 8749K, capacity 9562K, committed 9600K, reserved 516096K
}

